生成启动时间为 10/14/2014 4:26:43 PM。
     1>项目“d:\documents\visual studio 2010\Projects\TriangleTransform\TriangleTransform\TriangleTransform.vcxproj”在节点 2 上(build 个目标)。
     1>InitializeBuildStatus:
         正在对“Debug\TriangleTransform.unsuccessfulbuild”执行 Touch 任务。
       CustomBuild:
         所有输出均为最新。
       ClCompile:
         C:\Program Files (x86)\Microsoft Visual Studio 10.0\VC\bin\CL.exe /c /I.\GeneratedFiles /I. /I"D:\DEVELOPER\Qt\qt-5.1.0-x64-msvc2010-opengl\qt-5.1.0-x64-msvc2010-opengl\include" /I.\GeneratedFiles\Debug /I"D:\DEVELOPER\Qt\qt-5.1.0-x64-msvc2010-opengl\qt-5.1.0-x64-msvc2010-opengl\include\QtCore" /I"D:\DEVELOPER\Qt\qt-5.1.0-x64-msvc2010-opengl\qt-5.1.0-x64-msvc2010-opengl\include\QtGui" /I"D:\DEVELOPER\Qt\qt-5.1.0-x64-msvc2010-opengl\qt-5.1.0-x64-msvc2010-opengl\include\QtOpenGL" /I"D:\DEVELOPER\Qt\qt-5.1.0-x64-msvc2010-opengl\qt-5.1.0-x64-msvc2010-opengl\include\QtWidgets" /Zi /nologo /W1 /WX- /Od /Oy- /D UNICODE /D WIN32 /D WIN64 /D QT_DLL /D QT_CORE_LIB /D QT_GUI_LIB /D QT_OPENGL_LIB /D QT_WIDGETS_LIB /Gm- /EHsc /MDd /GS /fp:precise /Zc:wchar_t /Zc:forScope /Fo"Debug\\" /Fd"Debug\vc100.pdb" /Gd /TP /analyze- /errorReport:prompt glviewer.cpp
         glviewer.cpp
         所有输出均为最新。
       Link:
         C:\Program Files (x86)\Microsoft Visual Studio 10.0\VC\bin\link.exe /ERRORREPORT:PROMPT /OUT:"d:\documents\visual studio 2010\Projects\TriangleTransform\Win32\Debug\\TriangleTransform.exe" /NOLOGO /LIBPATH:"D:\DEVELOPER\Qt\qt-5.1.0-x64-msvc2010-opengl\qt-5.1.0-x64-msvc2010-opengl\lib" qtmaind.lib Qt5Cored.lib Qt5Guid.lib Qt5OpenGLd.lib opengl32.lib glu32.lib Qt5Widgetsd.lib kernel32.lib user32.lib gdi32.lib winspool.lib comdlg32.lib advapi32.lib shell32.lib ole32.lib oleaut32.lib uuid.lib odbc32.lib odbccp32.lib /MANIFEST /ManifestFile:"Debug\TriangleTransform.exe.intermediate.manifest" /MANIFESTUAC:"level='asInvoker' uiAccess='false'" /DEBUG /PDB:"d:\documents\visual studio 2010\Projects\TriangleTransform\Win32\Debug\TriangleTransform.pdb" /SUBSYSTEM:WINDOWS /TLBID:1 /DYNAMICBASE /NXCOMPAT /IMPLIB:"d:\documents\visual studio 2010\Projects\TriangleTransform\Win32\Debug\TriangleTransform.lib" /MACHINE:X86 Debug\moc_glviewer.obj
         Debug\moc_triangletransform.obj
         Debug\qrc_triangletransform.obj
         Debug\glviewer.obj
         Debug\main.obj
         Debug\triangletransform.obj
     1>Qt5OpenGLd.lib(Qt5OpenGLd.dll) : fatal error LNK1112: 模块计算机类型“x64”与目标计算机类型“X86”冲突
     1>已完成生成项目“d:\documents\visual studio 2010\Projects\TriangleTransform\TriangleTransform\TriangleTransform.vcxproj”(build 个目标)的操作 - 失败。

生成失败。

已用时间 00:00:01.11
