生成启动时间为 10/15/2014 8:31:56 PM。
     1>项目“d:\documents\visual studio 2010\Projects\TriangleTransform\TriangleTransform\TriangleTransform.vcxproj”在节点 2 上(build 个目标)。
     1>InitializeBuildStatus:
         正在对“x64\Debug\TriangleTransform.unsuccessfulbuild”执行 Touch 任务。
       CustomBuild:
         所有输出均为最新。
       ClCompile:
         C:\Program Files (x86)\Microsoft Visual Studio 10.0\VC\bin\x86_amd64\CL.exe /c /I.\GeneratedFiles /I. /I"D:\DEVELOPER\Qt\qt-5.1.0-x64-msvc2010-opengl\qt-5.1.0-x64-msvc2010-opengl\include" /I.\GeneratedFiles\Debug /I"D:\DEVELOPER\Qt\qt-5.1.0-x64-msvc2010-opengl\qt-5.1.0-x64-msvc2010-opengl\include\QtCore" /I"D:\DEVELOPER\Qt\qt-5.1.0-x64-msvc2010-opengl\qt-5.1.0-x64-msvc2010-opengl\include\QtGui" /I"D:\DEVELOPER\Qt\qt-5.1.0-x64-msvc2010-opengl\qt-5.1.0-x64-msvc2010-opengl\include\QtOpenGL" /I"D:\DEVELOPER\Qt\qt-5.1.0-x64-msvc2010-opengl\qt-5.1.0-x64-msvc2010-opengl\include\QtWidgets" /I"D:\DEVELOPER\glew-1.11.0\include" /ID:\DEVELOPER\WmlMath\include\ /Zi /nologo /W1 /WX- /Od /D UNICODE /D WIN32 /D WIN64 /D QT_DLL /D QT_CORE_LIB /D QT_GUI_LIB /D QT_OPENGL_LIB /D QT_WIDGETS_LIB /Gm- /EHsc /MDd /GS /fp:precise /Zc:wchar_t /Zc:forScope /Fo"x64\Debug\\" /Fd"x64\Debug\vc100.pdb" /Gd /TP /errorReport:prompt ImageTransform.cpp
         ImageTransform.cpp
     1>C:\Program Files (x86)\Microsoft Visual Studio 10.0\VC\include\algorithm(3720): error C2064: 项不会计算为接受 2 个参数的函数
                 C:\Program Files (x86)\Microsoft Visual Studio 10.0\VC\include\algorithm(3776): 参见对正在编译的函数 模板 实例化“std::pair<_Ty1,_Ty2> std::_Unguarded_partition<_RanIt,_Pr>(_RanIt,_RanIt,_Pr)”的引用
                 with
                 [
                     _Ty1=Wml::Vector2<float> *,
                     _Ty2=Wml::Vector2<float> *,
                     _RanIt=Wml::Vector2<float> *,
                     _Pr=bool (__cdecl ImageTransform::* )(const Wml::Vector2f &,const Wml::Vector2f &)
                 ]
                 C:\Program Files (x86)\Microsoft Visual Studio 10.0\VC\include\algorithm(3806): 参见对正在编译的函数 模板 实例化“void std::_Sort<Wml::Vector2<Real>*,__int64,_Pr>(_RanIt,_RanIt,_Diff,_Pr)”的引用
                 with
                 [
                     Real=float,
                     _Pr=bool (__cdecl ImageTransform::* )(const Wml::Vector2f &,const Wml::Vector2f &),
                     _RanIt=Wml::Vector2<float> *,
                     _Diff=__int64
                 ]
                 ImageTransform.cpp(27): 参见对正在编译的函数 模板 实例化“void std::sort<std::_Vector_iterator<_Myvec>,bool(__cdecl ImageTransform::* )(const Wml::Vector2f &,const Wml::Vector2f &)>(_RanIt,_RanIt,_Pr)”的引用
                 with
                 [
                     _Myvec=std::_Vector_val<Wml::Vector2f,std::allocator<Wml::Vector2f>>,
                     _RanIt=std::_Vector_iterator<std::_Vector_val<Wml::Vector2f,std::allocator<Wml::Vector2f>>>,
                     _Pr=bool (__cdecl ImageTransform::* )(const Wml::Vector2f &,const Wml::Vector2f &)
                 ]
     1>C:\Program Files (x86)\Microsoft Visual Studio 10.0\VC\include\algorithm(3720): fatal error C1903: 无法从以前的错误中恢复；正在停止编译
     1>已完成生成项目“d:\documents\visual studio 2010\Projects\TriangleTransform\TriangleTransform\TriangleTransform.vcxproj”(build 个目标)的操作 - 失败。

生成失败。

已用时间 00:00:00.61
